#
# There is insufficient memory for the Java Runtime Environment to continue.
# Native memory allocation (malloc) failed to allocate 1048576 bytes for AllocateHeap
# Possible reasons:
#   The system is out of physical RAM or swap space
#   The process is running with CompressedOops enabled, and the Java Heap may be blocking the growth of the native heap
# Possible solutions:
#   Reduce memory load on the system
#   Increase physical memory or swap space
#   Check if swap backing store is full
#   Decrease Java heap size (-Xmx/-Xms)
#   Decrease number of Java threads
#   Decrease Java thread stack sizes (-Xss)
#   Set larger code cache with -XX:ReservedCodeCacheSize=
#   JVM is running with Unscaled Compressed Oops mode in which the Java heap is
#     placed in the first 4GB address space. The Java Heap base address is the
#     maximum limit for the native heap growth. Please use -XX:HeapBaseMinAddress
#     to set the Java Heap base and to place the Java Heap above 4GB virtual address.
# This output file may be truncated or incomplete.
#
#  Out of Memory Error (memory/allocation.inline.hpp:61), pid=6592, tid=0x0000000000003784
#
# JRE version:  (8.0_311-b11) (build )
# Java VM: Java HotSpot(TM) 64-Bit Server VM (25.311-b11 mixed mode windows-amd64 compressed oops)
# Failed to write core dump. Minidumps are not enabled by default on client versions of Windows
#

---------------  T H R E A D  ---------------

Current thread (0x0000028a04669000):  JavaThread "Unknown thread" [_thread_in_vm, id=14212, stack(0x000000f53e500000,0x000000f53e600000)]

Stack: [0x000000f53e500000,0x000000f53e600000]
Native frames: (J=compiled Java code, j=interpreted, Vv=VM code, C=native code)
V  [jvm.dll+0x32f239]
V  [jvm.dll+0x275882]
V  [jvm.dll+0x27652d]
V  [jvm.dll+0x26cf65]
V  [jvm.dll+0x509d]
V  [jvm.dll+0x3d38e3]
V  [jvm.dll+0x3d42f8]
V  [jvm.dll+0xfce3f]
V  [jvm.dll+0x20a21b]
V  [jvm.dll+0x238c47]
V  [jvm.dll+0x1628e6]
C  [javaw.exe+0x2322]
C  [javaw.exe+0x16544]
C  [KERNEL32.DLL+0x17034]
C  [ntdll.dll+0x52651]


---------------  P R O C E S S  ---------------

Java Threads: ( => current thread )

Other Threads:

=>0x0000028a04669000 (exited) JavaThread "Unknown thread" [_thread_in_vm, id=14212, stack(0x000000f53e500000,0x000000f53e600000)]

VM state:not at safepoint (normal execution)

VM Mutex/Monitor currently owned by a thread: None

heap address: 0x0000000084e00000, size: 1970 MB, Compressed Oops mode: 32-bit
Narrow klass base: 0x0000000000000000, Narrow klass shift: 3
Compressed class space size: 1073741824 Address: 0x0000000100000000

Heap:
 PSYoungGen      total 36864K, used 634K [0x00000000d6f80000, 0x00000000d9880000, 0x0000000100000000)
  eden space 31744K, 2% used [0x00000000d6f80000,0x00000000d701eb90,0x00000000d8e80000)
  from space 5120K, 0% used [0x00000000d9380000,0x00000000d9380000,0x00000000d9880000)
  to   space 5120K, 0% used [0x00000000d8e80000,0x00000000d8e80000,0x00000000d9380000)
 ParOldGen       total 84992K, used 0K [0x0000000084e00000, 0x000000008a100000, 0x00000000d6f80000)
  object space 84992K, 0% used [0x0000000084e00000,0x0000000084e00000,0x000000008a100000)
 Metaspace       used 753K, capacity 4480K, committed 4480K, reserved 1056768K
  class space    used 76K, capacity 384K, committed 384K, reserved 1048576K

Card table byte_map: [0x0000028a154c0000,0x0000028a158a0000] byte_map_base: 0x0000028a15099000

Marking Bits: (ParMarkBitMap*) 0x0000000068018030
 Begin Bits: [0x0000028a15b40000, 0x0000028a17a08000)
 End Bits:   [0x0000028a17a08000, 0x0000028a198d0000)

Polling page: 0x0000028a060d0000

CodeCache: size=245760Kb used=329Kb max_used=329Kb free=245430Kb
 bounds [0x0000028a06100000, 0x0000028a06370000, 0x0000028a15100000]
 total_blobs=58 nmethods=0 adapters=38
 compilation: enabled

Compilation events (0 events):
No events

GC Heap History (0 events):
No events

Deoptimization events (0 events):
No events

Classes redefined (0 events):
No events

Internal exceptions (0 events):
No events

Events (10 events):
Event: 0.018 loading class java/lang/Short
Event: 0.018 loading class java/lang/Short done
Event: 0.018 loading class java/lang/Integer
Event: 0.018 loading class java/lang/Integer done
Event: 0.018 loading class java/lang/Long
Event: 0.018 loading class java/lang/Long done
Event: 0.019 loading class java/lang/NullPointerException
Event: 0.019 loading class java/lang/NullPointerException done
Event: 0.019 loading class java/lang/ArithmeticException
Event: 0.019 loading class java/lang/ArithmeticException done


Dynamic libraries:
0x00007ff686be0000 - 0x00007ff686c27000 	C:\Program Files\Java\jre1.8.0_311\bin\javaw.exe
0x00007ffbc9890000 - 0x00007ffbc9a85000 	C:\Windows\SYSTEM32\ntdll.dll
0x00007ffbc7aa0000 - 0x00007ffbc7b5e000 	C:\Windows\System32\KERNEL32.DLL
0x00007ffbc7540000 - 0x00007ffbc7808000 	C:\Windows\System32\KERNELBASE.dll
0x00007ffbc94a0000 - 0x00007ffbc954e000 	C:\Windows\System32\ADVAPI32.dll
0x00007ffbc9760000 - 0x00007ffbc97fe000 	C:\Windows\System32\msvcrt.dll
0x00007ffbc8c40000 - 0x00007ffbc8cdc000 	C:\Windows\System32\sechost.dll
0x00007ffbc8ce0000 - 0x00007ffbc8e05000 	C:\Windows\System32\RPCRT4.dll
0x00007ffbc8160000 - 0x00007ffbc8300000 	C:\Windows\System32\USER32.dll
0x00007ffbc72a0000 - 0x00007ffbc72c2000 	C:\Windows\System32\win32u.dll
0x00007ffbc9820000 - 0x00007ffbc984b000 	C:\Windows\System32\GDI32.dll
0x00007ffbc7190000 - 0x00007ffbc729b000 	C:\Windows\System32\gdi32full.dll
0x00007ffbc72d0000 - 0x00007ffbc736d000 	C:\Windows\System32\msvcp_win.dll
0x00007ffbc6fb0000 - 0x00007ffbc70b0000 	C:\Windows\System32\ucrtbase.dll
0x00007ffbb70d0000 - 0x00007ffbb736a000 	C:\Windows\WinSxS\amd64_microsoft.windows.common-controls_6595b64144ccf1df_6.0.19041.1110_none_60b5254171f9507e\COMCTL32.dll
0x00007ffbc92b0000 - 0x00007ffbc92e0000 	C:\Windows\System32\IMM32.DLL
0x00007ffbbeac0000 - 0x00007ffbbead5000 	C:\Program Files\Java\jre1.8.0_311\bin\vcruntime140.dll
0x00007ffb7b4c0000 - 0x00007ffb7b55b000 	C:\Program Files\Java\jre1.8.0_311\bin\msvcp140.dll
0x0000000067830000 - 0x0000000068090000 	C:\Program Files\Java\jre1.8.0_311\bin\server\jvm.dll
0x00007ffbc8030000 - 0x00007ffbc8038000 	C:\Windows\System32\PSAPI.DLL
0x00007ffba3350000 - 0x00007ffba3359000 	C:\Windows\SYSTEM32\WSOCK32.dll
0x00007ffbb2850000 - 0x00007ffbb2877000 	C:\Windows\SYSTEM32\WINMM.dll
0x00007ffbbc1b0000 - 0x00007ffbbc1ba000 	C:\Windows\SYSTEM32\VERSION.dll
0x00007ffbc9240000 - 0x00007ffbc92ab000 	C:\Windows\System32\WS2_32.dll
0x00007ffbc5810000 - 0x00007ffbc5822000 	C:\Windows\SYSTEM32\kernel.appcore.dll
0x00007ffbbea60000 - 0x00007ffbbea70000 	C:\Program Files\Java\jre1.8.0_311\bin\verify.dll
0x00007ffbbea30000 - 0x00007ffbbea5b000 	C:\Program Files\Java\jre1.8.0_311\bin\java.dll
0x00007ffbba5b0000 - 0x00007ffbba5c8000 	C:\Program Files\Java\jre1.8.0_311\bin\zip.dll
0x00007ffbc4570000 - 0x00007ffbc4754000 	C:\Windows\SYSTEM32\dbghelp.dll
0x00007ffbc7860000 - 0x00007ffbc78e2000 	C:\Windows\System32\bcryptPrimitives.dll

VM Arguments:
jvm_args: -Dfile.encoding=Cp1252 
java_command: com.application.APIApplication
java_class_path (initial): C:\Program Files\Java\jre1.8.0_311\lib\resources.jar;C:\Program Files\Java\jre1.8.0_311\lib\rt.jar;C:\Program Files\Java\jre1.8.0_311\lib\jsse.jar;C:\Program Files\Java\jre1.8.0_311\lib\jce.jar;C:\Program Files\Java\jre1.8.0_311\lib\charsets.jar;C:\Program Files\Java\jre1.8.0_311\lib\jfr.jar;C:\Program Files\Java\jre1.8.0_311\lib\ext\access-bridge-64.jar;C:\Program Files\Java\jre1.8.0_311\lib\ext\cldrdata.jar;C:\Program Files\Java\jre1.8.0_311\lib\ext\dnsns.jar;C:\Program Files\Java\jre1.8.0_311\lib\ext\jaccess.jar;C:\Program Files\Java\jre1.8.0_311\lib\ext\jfxrt.jar;C:\Program Files\Java\jre1.8.0_311\lib\ext\localedata.jar;C:\Program Files\Java\jre1.8.0_311\lib\ext\mssql-jdbc-9.4.1.jre8.jar;C:\Program Files\Java\jre1.8.0_311\lib\ext\mysql-connector-java-8.0.27.jar;C:\Program Files\Java\jre1.8.0_311\lib\ext\nashorn.jar;C:\Program Files\Java\jre1.8.0_311\lib\ext\sunec.jar;C:\Program Files\Java\jre1.8.0_311\lib\ext\sunjce_provider.jar;C:\Program Files\Java\jre1.8.0_311\lib\ext\sunmscapi.jar;C:\Program Files\Java\jre1.8.0_311\lib\ext\sunpkcs11.jar;C:\Program Files\Java\jre1.8.0_311\lib\ext\zipfs.jar;F:\BusinessProjects\msfnew\Monitoring\bin\main;\msf_core\bin\default;F:\BusinessProjects\msfnew\msf_core\bin\main;\msf_jdbc\bin\default;F:\BusinessProjects\msfnew\msf_jdbc\bin\main;C:\Users\Asus\.gradle\caches\modules-2\files-2.1\org.springframework.boot\spring-boot-starter-actuator\2.5.2\854b5574793363ac1c11a5d364b93c9489146e08\spring-boot-starter-actuator-2.5.2.jar;C:\Users\Asus\.gradle\caches\modules-2\files-2.1\org.springframework.boot\spring-boot-starter-web\2.5.2\9d68318f6607728e253030aa145e529bae9b0883\spring-boot-starter-web-2.5.2.jar;C:\Users\Asus\.gradle\caches\modules-2\files-2.1\org.springframework.cloud\spring-cloud-starter-netflix-eureka-client\3.0.3\4a0a2920c7a9853ed45486b1e90625f679a23bca\spring-cloud-starter-netflix-eureka-client-3.0.3.jar;C:\Users\Asus\.gradle\caches\modules-2\files-2.1\org.springframework.cloud\spring-cloud-st
Launcher Type: SUN_STANDARD

Environment Variables:
JAVA_HOME=C:\Program Files\Java\jdk1.8.0_311
PATH=C:/Program Files/Java/jre1.8.0_311/bin/server;C:/Program Files/Java/jre1.8.0_311/bin;C:/Program Files/Java/jre1.8.0_311/lib/amd64;C:\Program Files\Microsoft MPI\Bin\;C:\Program Files (x86)\Common Files\Oracle\Java\javapath;C:\db_home\bin;F:\db_home\bin;C:\Windows\system32;C:\Windows;C:\Windows\System32\Wbem;C:\Windows\System32\WindowsPowerShell\v1.0\;C:\Windows\System32\OpenSSH\;C:\Program Files (x86)\NVIDIA Corporation\PhysX\Common;C:\Program Files (x86)\mingw-w64\i686-8.1.0-posix-dwarf-rt_v6-rev0\mingw32\bin;C:\Program Files\Java\jdk1.8.0_311\bin;C:\Program Files\Git\cmd;F:\My Data\softwares\apache-maven-3.8.4\bin;C:\Program Files\curl-7.81.0-win64-mingw\bin;C:\Program Files\PostgreSQL\10\bin;C:\Program Files\PostgreSQL\10\lib;C:\Program Files\Azure Data Studio\bin;F:\gradle-7.3.3\bin;C:\Program Files\nodejs\;C:\Users\Asus\AppData\Local\Programs\Python\Python310\Scripts\;C:\Users\Asus\AppData\Local\Programs\Python\Python310\;C:\Users\Asus\AppData\Local\Microsoft\WindowsApps;C:\Users\Asus\AppData\Local\Programs\Microsoft VS Code\bin;C:\Program Files\Azure Data Studio\bin;C:\Users\Asus\AppData\Roaming\npm;C:\Users\Asus\AppData\Local\GitHubDesktop\bin;C:\Users\Asus\Desktop\eclipse;
USERNAME=Asus
OS=Windows_NT
PROCESSOR_IDENTIFIER=Intel64 Family 6 Model 140 Stepping 1, GenuineIntel



---------------  S Y S T E M  ---------------

OS: Windows 10.0 , 64 bit Build 19041 (10.0.19041.1566)

CPU:total 8 (initial active 8) (4 cores per cpu, 2 threads per core) family 6 model 140 stepping 1, cmov, cx8, fxsr, mmx, sse, sse2, sse3, ssse3, sse4.1, sse4.2, popcnt, avx, avx2, aes, clmul, erms, 3dnowpref, lzcnt, ht, tsc, tscinvbit, bmi1, bmi2, adx

Memory: 4k page, physical 8062708k(720168k free), swap 16451316k(5480k free)

vm_info: Java HotSpot(TM) 64-Bit Server VM (25.311-b11) for windows-amd64 JRE (1.8.0_311-b11), built on Sep 27 2021 05:15:14 by "java_re" with MS VC++ 15.9 (VS2017)

time: Sat Mar 26 13:34:05 2022
timezone: India Standard Time
elapsed time: 0.039667 seconds (0d 0h 0m 0s)

